20250831-16:51:44 : java.lang.reflect.InvocationTargetException
org.eclipse.jface.operation.ModalContext.run(ModalContext.java:420)
org.eclipse.jface.dialogs.ProgressMonitorDialog.run(ProgressMonitorDialog.java:500)
org.eclipse.ui.internal.progress.ProgressMonitorJobsDialog.run(ProgressMonitorJobsDialog.java:284)
org.eclipse.ui.internal.progress.ProgressManager$3.run(ProgressManager.java:997)
org.eclipse.swt.custom.BusyIndicator.showWhile(BusyIndicator.java:70)
org.eclipse.ui.internal.progress.ProgressManager.busyCursorWhile(ProgressManager.java:1032)
org.eclipse.ui.internal.progress.ProgressManager.busyCursorWhile(ProgressManager.java:1007)
br.ufmg.dcc.labsoft.java.jmove.principal.ChamaRefine.execute(ChamaRefine.java:55)
br.ufmg.dcc.labsoft.java.jmove.view.JMoveView.getTable(JMoveView.java:404)
br.ufmg.dcc.labsoft.java.jmove.view.JMoveView$3.run(JMoveView.java:213)
org.eclipse.jface.action.Action.runWithEvent(Action.java:473)
org.eclipse.jface.action.ActionContributionItem.handleWidgetSelection(ActionContributionItem.java:595)
org.eclipse.jface.action.ActionContributionItem.access$2(ActionContributionItem.java:511)
org.eclipse.jface.action.ActionContributionItem$6.handleEvent(ActionContributionItem.java:462)
org.eclipse.swt.widgets.EventTable.sendEvent(EventTable.java:84)
org.eclipse.swt.widgets.Display.sendEvent(Display.java:4362)
org.eclipse.swt.widgets.Widget.sendEvent(Widget.java:1113)
org.eclipse.swt.widgets.Display.runDeferredEvents(Display.java:4180)
org.eclipse.swt.widgets.Display.readAndDispatch(Display.java:3769)
org.eclipse.e4.ui.internal.workbench.swt.PartRenderingEngine$4.run(PartRenderingEngine.java:1127)
org.eclipse.core.databinding.observable.Realm.runWithDefault(Realm.java:337)
org.eclipse.e4.ui.internal.workbench.swt.PartRenderingEngine.run(PartRenderingEngine.java:1018)
org.eclipse.e4.ui.internal.workbench.E4Workbench.createAndRunUI(E4Workbench.java:156)
org.eclipse.ui.internal.Workbench$5.run(Workbench.java:694)
org.eclipse.core.databinding.observable.Realm.runWithDefault(Realm.java:337)
org.eclipse.ui.internal.Workbench.createAndRunWorkbench(Workbench.java:606)
org.eclipse.ui.PlatformUI.createAndRunWorkbench(PlatformUI.java:150)
org.eclipse.ui.internal.ide.application.IDEApplication.start(IDEApplication.java:139)
org.eclipse.equinox.internal.app.EclipseAppHandle.run(EclipseAppHandle.java:196)
org.eclipse.core.runtime.internal.adaptor.EclipseAppLauncher.runApplication(EclipseAppLauncher.java:134)
org.eclipse.core.runtime.internal.adaptor.EclipseAppLauncher.start(EclipseAppLauncher.java:104)
org.eclipse.core.runtime.adaptor.EclipseStarter.run(EclipseStarter.java:380)
org.eclipse.core.runtime.adaptor.EclipseStarter.run(EclipseStarter.java:235)
sun.reflect.NativeMethodAccessorImpl.invoke0(Native Method)
sun.reflect.NativeMethodAccessorImpl.invoke(NativeMethodAccessorImpl.java:62)
sun.reflect.DelegatingMethodAccessorImpl.invoke(DelegatingMethodAccessorImpl.java:43)
java.lang.reflect.Method.invoke(Method.java:498)
org.eclipse.equinox.launcher.Main.invokeFramework(Main.java:669)
org.eclipse.equinox.launcher.Main.basicRun(Main.java:608)
org.eclipse.equinox.launcher.Main.run(Main.java:1515)
